<?xml version="1.0" encoding="UTF-8"?>
<!-- Generated by org.testng.reporters.JUnitReportReporter -->
<testsuite skipped="0" hostname="kartikey" name="dataProvid.DemoTours" tests="3" failures="0" timestamp="17 Nov 2019 17:49:25 GMT" time="69.488" errors="0">
  <testcase name="LoginToDemoTours" time="22.449" classname="dataProvid.DemoTours"/>
  <testcase name="LoginToDemoTours" time="21.611" classname="dataProvid.DemoTours"/>
  <testcase name="LoginToDemoTours" time="25.428" classname="dataProvid.DemoTours"/>
</testsuite> <!-- dataProvid.DemoTours -->
