<?xml version="1.0" encoding="UTF-8"?>
<!-- Generated by org.testng.reporters.JUnitReportReporter -->
<testsuite skipped="0" hostname="kartikey" name="dataProvid.DataProviderDemo" tests="4" failures="0" timestamp="17 Nov 2019 17:24:06 GMT" time="0.033" errors="0">
  <testcase name="inputData" time="0.019" classname="dataProvid.DataProviderDemo"/>
  <testcase name="inputData" time="0.007" classname="dataProvid.DataProviderDemo"/>
  <testcase name="inputData" time="0.003" classname="dataProvid.DataProviderDemo"/>
  <testcase name="inputData" time="0.004" classname="dataProvid.DataProviderDemo"/>
</testsuite> <!-- dataProvid.DataProviderDemo -->
