<?xml version="1.0" encoding="UTF-8"?>
<!-- Generated by org.testng.reporters.JUnitReportReporter -->
<testsuite skipped="0" hostname="kartikey" name="edu.screenshot.FacebookScreenShot" tests="1" failures="0" timestamp="23 Nov 2019 17:45:01 GMT" time="19.565" errors="0">
  <testcase name="captureScreenShot" time="19.565" classname="edu.screenshot.FacebookScreenShot"/>
</testsuite> <!-- edu.screenshot.FacebookScreenShot -->
