<?xml version="1.0" encoding="UTF-8"?>
<!-- Generated by org.testng.reporters.JUnitReportReporter -->
<testsuite skipped="0" hostname="kartikey" name="TestNG.Dependency" tests="4" failures="0" timestamp="16 Nov 2019 11:28:32 GMT" time="0.016" errors="0">
  <testcase name="f3" time="0.005" classname="TestNG.Dependency"/>
  <testcase name="f4" time="0.003" classname="TestNG.Dependency"/>
  <testcase name="f1" time="0.007" classname="TestNG.Dependency"/>
  <testcase name="f2" time="0.001" classname="TestNG.Dependency"/>
</testsuite> <!-- TestNG.Dependency -->
