<?xml version="1.0" encoding="UTF-8"?>
<!-- Generated by org.testng.reporters.JUnitReportReporter -->
<testsuite skipped="0" hostname="kartikey" name="TestNG.GroupingDemo2" tests="1" failures="0" timestamp="16 Nov 2019 17:03:25 GMT" time="0.004" errors="0">
  <testcase name="g4" time="0.004" classname="TestNG.GroupingDemo2"/>
</testsuite> <!-- TestNG.GroupingDemo2 -->
