<?xml version="1.0" encoding="UTF-8"?>
<!-- Generated by org.testng.reporters.JUnitReportReporter -->
<testsuite skipped="0" hostname="kartikey" name="TestNG.GroupingDemo1" tests="2" failures="0" timestamp="16 Nov 2019 17:03:25 GMT" time="0.029" errors="0">
  <testcase name="f1" time="0.025" classname="TestNG.GroupingDemo1"/>
  <testcase name="f4" time="0.004" classname="TestNG.GroupingDemo1"/>
</testsuite> <!-- TestNG.GroupingDemo1 -->
