<?xml version="1.0" encoding="UTF-8"?>
<!-- Generated by org.testng.reporters.JUnitReportReporter -->
<testsuite skipped="2" hostname="kartikey" name="TestNG.EnablingnDisabling" tests="4" failures="0" timestamp="25 Aug 2019 16:32:33 GMT" time="0.017" errors="0">
  <testcase name="f1" time="0.012" classname="TestNG.EnablingnDisabling"/>
  <testcase name="f3" time="0.005" classname="TestNG.EnablingnDisabling"/>
  <testcase name="f2" classname="TestNG.EnablingnDisabling">
    <skipped/>
  </testcase> <!-- f2 -->
  <testcase name="f4" classname="TestNG.EnablingnDisabling">
    <skipped/>
  </testcase> <!-- f4 -->
</testsuite> <!-- TestNG.EnablingnDisabling -->
