<?xml version="1.0" encoding="UTF-8"?>
<!-- Generated by org.testng.reporters.JUnitReportReporter -->
<testsuite skipped="0" hostname="kartikey" name="TestNG.AnnotationClass" tests="4" failures="0" timestamp="16 Nov 2019 15:38:17 GMT" time="0.038" errors="0">
  <testcase name="f1" time="0.018" classname="TestNG.AnnotationClass"/>
  <testcase name="f2" time="0.008" classname="TestNG.AnnotationClass"/>
  <testcase name="f3" time="0.004" classname="TestNG.AnnotationClass"/>
  <testcase name="f4" time="0.008" classname="TestNG.AnnotationClass"/>
</testsuite> <!-- TestNG.AnnotationClass -->
