<?xml version="1.0" encoding="UTF-8"?>
<!-- Generated by org.testng.reporters.JUnitReportReporter -->
<testsuite skipped="0" hostname="kartikey" name="TestNG.Prioritization" tests="4" failures="0" timestamp="16 Nov 2019 17:09:53 GMT" time="0.031" errors="0">
  <testcase name="f2" time="0.014" classname="TestNG.Prioritization"/>
  <testcase name="f3" time="0.009" classname="TestNG.Prioritization"/>
  <testcase name="f1" time="0.005" classname="TestNG.Prioritization"/>
  <testcase name="f4" time="0.003" classname="TestNG.Prioritization"/>
</testsuite> <!-- TestNG.Prioritization -->
