<?xml version="1.0" encoding="UTF-8"?>
<!-- Generated by org.testng.reporters.JUnitReportReporter -->
<testsuite skipped="0" hostname="kartikey" name="edu.testCase.TestCaseClass" tests="1" failures="0" timestamp="23 Nov 2019 16:18:51 GMT" time="20.798" errors="0">
  <testcase name="verifyLogin" time="20.798" classname="edu.testCase.TestCaseClass"/>
</testsuite> <!-- edu.testCase.TestCaseClass -->
