<?xml version="1.0" encoding="UTF-8"?>
<!-- Generated by org.testng.reporters.JUnitReportReporter -->
<testsuite skipped="0" hostname="kartikey" name="grid.Node1" tests="1" failures="0" timestamp="31 Aug 2019 11:03:54 GMT" time="20.965" errors="0">
  <testcase name="f" time="20.965" classname="grid.Node1"/>
</testsuite> <!-- grid.Node1 -->
