<?xml version="1.0" encoding="UTF-8"?>
<!-- Generated by org.testng.reporters.JUnitReportReporter -->
<testsuite skipped="0" hostname="kartikey" name="grid.Node2" tests="1" failures="0" timestamp="31 Aug 2019 11:03:53 GMT" time="23.740" errors="0">
  <testcase name="f" time="23.740" classname="grid.Node2"/>
</testsuite> <!-- grid.Node2 -->
